<?xml version="1.0" encoding="UTF-8"?>
<testsuite name="com.example.demo.DemoApplicationTests" tests="1" skipped="0" failures="0" errors="0" timestamp="2023-05-17T04:15:33" hostname="LAPTOP-IGL99PFF" time="1.53">
  <properties/>
  <testcase name="contextLoads()" classname="com.example.demo.DemoApplicationTests" time="1.53"/>
  <system-out><![CDATA[13:15:26.552 [Test worker] DEBUG org.springframework.test.context.BootstrapUtils - Instantiating CacheAwareContextLoaderDelegate from class [org.springframework.test.context.cache.DefaultCacheAwareContextLoaderDelegate]
13:15:26.576 [Test worker] DEBUG org.springframework.test.context.BootstrapUtils - Instantiating BootstrapContext using constructor [public org.springframework.test.context.support.DefaultBootstrapContext(java.lang.Class,org.springframework.test.context.CacheAwareContextLoaderDelegate)]
13:15:26.658 [Test worker] DEBUG org.springframework.test.context.BootstrapUtils - Instantiating TestContextBootstrapper for test class [com.example.demo.DemoApplicationTests] from class [org.springframework.boot.test.context.SpringBootTestContextBootstrapper]
13:15:26.686 [Test worker] INFO org.springframework.boot.test.context.SpringBootTestContextBootstrapper - Neither @ContextConfiguration nor @ContextHierarchy found for test class [com.example.demo.DemoApplicationTests], using SpringBootContextLoader
13:15:26.697 [Test worker] DEBUG org.springframework.test.context.support.AbstractContextLoader - Did not detect default resource location for test class [com.example.demo.DemoApplicationTests]: class path resource [com/example/demo/DemoApplicationTests-context.xml] does not exist
13:15:26.698 [Test worker] DEBUG org.springframework.test.context.support.AbstractContextLoader - Did not detect default resource location for test class [com.example.demo.DemoApplicationTests]: class path resource [com/example/demo/DemoApplicationTestsContext.groovy] does not exist
13:15:26.699 [Test worker] INFO org.springframework.test.context.support.AbstractContextLoader - Could not detect default resource locations for test class [com.example.demo.DemoApplicationTests]: no resource found for suffixes {-context.xml, Context.groovy}.
13:15:26.702 [Test worker] INFO org.springframework.test.context.support.AnnotationConfigContextLoaderUtils - Could not detect default configuration classes for test class [com.example.demo.DemoApplicationTests]: DemoApplicationTests does not declare any static, non-private, non-final, nested classes annotated with @Configuration.
13:15:26.793 [Test worker] DEBUG org.springframework.test.context.support.ActiveProfilesUtils - Could not find an 'annotation declaring class' for annotation type [org.springframework.test.context.ActiveProfiles] and class [com.example.demo.DemoApplicationTests]
13:15:26.902 [Test worker] DEBUG org.springframework.context.annotation.ClassPathScanningCandidateComponentProvider - Identified candidate component class: file [C:\Users\USER\Desktop\TODO\demo\build\classes\java\main\com\example\demo\DemoApplication.class]
13:15:26.906 [Test worker] INFO org.springframework.boot.test.context.SpringBootTestContextBootstrapper - Found @SpringBootConfiguration com.example.demo.DemoApplication for test class com.example.demo.DemoApplicationTests
13:15:27.091 [Test worker] DEBUG org.springframework.boot.test.context.SpringBootTestContextBootstrapper - @TestExecutionListeners is not present for class [com.example.demo.DemoApplicationTests]: using defaults.
13:15:27.092 [Test worker] INFO org.springframework.boot.test.context.SpringBootTestContextBootstrapper - Loaded default TestExecutionListener class names from location [META-INF/spring.factories]: [org.springframework.boot.test.autoconfigure.restdocs.RestDocsTestExecutionListener, org.springframework.boot.test.autoconfigure.web.client.MockRestServiceServerResetTestExecutionListener, org.springframework.boot.test.autoconfigure.web.servlet.MockMvcPrintOnlyOnFailureTestExecutionListener, org.springframework.boot.test.autoconfigure.web.servlet.WebDriverTestExecutionListener, org.springframework.boot.test.autoconfigure.webservices.client.MockWebServiceServerTestExecutionListener, org.springframework.boot.test.mock.mockito.MockitoTestExecutionListener, org.springframework.boot.test.mock.mockito.ResetMocksTestExecutionListener, org.springframework.test.context.web.ServletTestExecutionListener, org.springframework.test.context.support.DirtiesContextBeforeModesTestExecutionListener, org.springframework.test.context.event.ApplicationEventsTestExecutionListener, org.springframework.test.context.support.DependencyInjectionTestExecutionListener, org.springframework.test.context.support.DirtiesContextTestExecutionListener, org.springframework.test.context.transaction.TransactionalTestExecutionListener, org.springframework.test.context.jdbc.SqlScriptsTestExecutionListener, org.springframework.test.context.event.EventPublishingTestExecutionListener]
13:15:27.131 [Test worker] INFO org.springframework.boot.test.context.SpringBootTestContextBootstrapper - Using TestExecutionListeners: [org.springframework.test.context.web.ServletTestExecutionListener@5949eba8, org.springframework.test.context.support.DirtiesContextBeforeModesTestExecutionListener@6e0ff644, org.springframework.test.context.event.ApplicationEventsTestExecutionListener@58dea0a5, org.springframework.boot.test.mock.mockito.MockitoTestExecutionListener@2a2bb0eb, org.springframework.boot.test.autoconfigure.SpringBootDependencyInjectionTestExecutionListener@3c291aad, org.springframework.test.context.support.DirtiesContextTestExecutionListener@2d0566ba, org.springframework.test.context.transaction.TransactionalTestExecutionListener@733037, org.springframework.test.context.jdbc.SqlScriptsTestExecutionListener@7728643a, org.springframework.test.context.event.EventPublishingTestExecutionListener@320e400, org.springframework.boot.test.autoconfigure.restdocs.RestDocsTestExecutionListener@5167268, org.springframework.boot.test.autoconfigure.web.client.MockRestServiceServerResetTestExecutionListener@1cfd1875, org.springframework.boot.test.autoconfigure.web.servlet.MockMvcPrintOnlyOnFailureTestExecutionListener@28c0b664, org.springframework.boot.test.autoconfigure.web.servlet.WebDriverTestExecutionListener@2c444798, org.springframework.boot.test.autoconfigure.webservices.client.MockWebServiceServerTestExecutionListener@1af7f54a, org.springframework.boot.test.mock.mockito.ResetMocksTestExecutionListener@6ebd78d1]
13:15:27.148 [Test worker] DEBUG org.springframework.test.context.support.AbstractDirtiesContextTestExecutionListener - Before test class: context [DefaultTestContext@2fa7ae9 testClass = DemoApplicationTests, testInstance = [null], testMethod = [null], testException = [null], mergedContextConfiguration = [WebMergedContextConfiguration@7577b641 testClass = DemoApplicationTests, locations = '{}', classes = '{class com.example.demo.DemoApplication}', contextInitializerClasses = '[]', activeProfiles = '{}', propertySourceLocations = '{}', propertySourceProperties = '{org.springframework.boot.test.context.SpringBootTestContextBootstrapper=true}', contextCustomizers = set[org.springframework.boot.test.autoconfigure.actuate.metrics.MetricsExportContextCustomizerFactory$DisableMetricExportContextCustomizer@20a8a64e, org.springframework.boot.test.autoconfigure.properties.PropertyMappingContextCustomizer@0, org.springframework.boot.test.autoconfigure.web.servlet.WebDriverContextCustomizerFactory$Customizer@42f48531, org.springframework.boot.test.context.filter.ExcludeFilterContextCustomizer@4c4d27c8, org.springframework.boot.test.json.DuplicateJsonObjectContextCustomizerFactory$DuplicateJsonObjectContextCustomizer@129b4fe2, org.springframework.boot.test.mock.mockito.MockitoContextCustomizer@0, org.springframework.boot.test.web.client.TestRestTemplateContextCustomizer@ed3068a, org.springframework.boot.test.context.SpringBootTestArgs@1, org.springframework.boot.test.context.SpringBootTestWebEnvironment@34b9f960], resourceBasePath = 'src/main/webapp', contextLoader = 'org.springframework.boot.test.context.SpringBootContextLoader', parent = [null]], attributes = map['org.springframework.test.context.web.ServletTestExecutionListener.activateListener' -> true]], class annotated with @DirtiesContext [false] with mode [null].

  .   ____          _            __ _ _
 /\\ / ___'_ __ _ _(_)_ __  __ _ \ \ \ \
( ( )\___ | '_ | '_| | '_ \/ _` | \ \ \ \
 \\/  ___)| |_)| | | | | || (_| |  ) ) ) )
  '  |____| .__|_| |_|_| |_\__, | / / / /
 =========|_|==============|___/=/_/_/_/
 :: Spring Boot ::               (v2.7.11)

2023-05-17 13:15:27.781  INFO 26080 --- [    Test worker] com.example.demo.DemoApplicationTests    : Starting DemoApplicationTests using Java 11.0.18 on LAPTOP-IGL99PFF with PID 26080 (started by USER in C:\Users\USER\Desktop\TODO\demo)
2023-05-17 13:15:27.784  INFO 26080 --- [    Test worker] com.example.demo.DemoApplicationTests    : No active profile set, falling back to 1 default profile: "default"
2023-05-17 13:15:30.321  WARN 26080 --- [    Test worker] .s.s.UserDetailsServiceAutoConfiguration : 

Using generated security password: 8a250da8-292b-46aa-abe6-0e97ae93cbb1

This generated password is for development use only. Your security configuration must be updated before running your application in production.

2023-05-17 13:15:30.830  INFO 26080 --- [    Test worker] o.s.s.web.DefaultSecurityFilterChain     : Will secure any request with [org.springframework.security.web.session.DisableEncodeUrlFilter@3b481bf5, org.springframework.security.web.context.request.async.WebAsyncManagerIntegrationFilter@2233cac0, org.springframework.security.web.context.SecurityContextPersistenceFilter@5d05f453, org.springframework.security.web.header.HeaderWriterFilter@2c0c4c0a, org.springframework.web.filter.CorsFilter@67fb5025, org.springframework.security.web.authentication.logout.LogoutFilter@4d464510, org.springframework.security.web.savedrequest.RequestCacheAwareFilter@149b4d20, org.springframework.security.web.servletapi.SecurityContextHolderAwareRequestFilter@24c685e7, org.springframework.security.web.authentication.AnonymousAuthenticationFilter@787e4357, org.springframework.security.web.session.SessionManagementFilter@3a1f2a1, org.springframework.security.web.access.ExceptionTranslationFilter@6367a688]
2023-05-17 13:15:33.731  INFO 26080 --- [    Test worker] com.example.demo.DemoApplicationTests    : Started DemoApplicationTests in 6.48 seconds (JVM running for 10.267)
]]></system-out>
  <system-err><![CDATA[]]></system-err>
</testsuite>
